Using pre-set license
Built from '2020.3/china_unity/release' branch; Version is '2021.3.41f1c1 (abf9ed549ceb) revision 11270637'; Using compiler version '192829333'; Build Type 'Release'
OS: 'Windows 10  (10.0.19044) 64bit Professional' Language: 'zh' Physical Memory: 65375 MB
BatchMode: 1, IsHumanControllingUs: 0, StartBugReporterOnCrash: 0, Is64bit: 1, IsPro: 1

COMMAND LINE ARGUMENTS:
C:\Program Files\Unity\Hub\Editor\2021.3.41f1c1\Editor\Unity.exe
-adb2
-batchMode
-noUpm
-name
AssetImportWorker0
-projectPath
D:/Unity/源码素材/DrawSavePuzzle
-logFile
Logs/AssetImportWorker0.log
-srvPort
51617
Successfully changed project path to: D:/Unity/源码素材/DrawSavePuzzle
D:/Unity/源码素材/DrawSavePuzzle
[UnityMemory] Configuration Parameters - Can be set up in boot.config
    "memorysetup-bucket-allocator-granularity=16"
    "memorysetup-bucket-allocator-bucket-count=8"
    "memorysetup-bucket-allocator-block-size=33554432"
    "memorysetup-bucket-allocator-block-count=8"
    "memorysetup-main-allocator-block-size=16777216"
    "memorysetup-thread-allocator-block-size=16777216"
    "memorysetup-gfx-main-allocator-block-size=16777216"
    "memorysetup-gfx-thread-allocator-block-size=16777216"
    "memorysetup-cache-allocator-block-size=4194304"
    "memorysetup-typetree-allocator-block-size=2097152"
    "memorysetup-profiler-bucket-allocator-granularity=16"
    "memorysetup-profiler-bucket-allocator-bucket-count=8"
    "memorysetup-profiler-bucket-allocator-block-size=33554432"
    "memorysetup-profiler-bucket-allocator-block-count=8"
    "memorysetup-profiler-allocator-block-size=16777216"
    "memorysetup-profiler-editor-allocator-block-size=1048576"
    "memorysetup-temp-allocator-size-main=16777216"
    "memorysetup-job-temp-allocator-block-size=2097152"
    "memorysetup-job-temp-allocator-block-size-background=1048576"
    "memorysetup-job-temp-allocator-reduction-small-platforms=262144"
    "memorysetup-temp-allocator-size-background-worker=32768"
    "memorysetup-temp-allocator-size-job-worker=262144"
    "memorysetup-temp-allocator-size-preload-manager=33554432"
    "memorysetup-temp-allocator-size-nav-mesh-worker=65536"
    "memorysetup-temp-allocator-size-audio-worker=65536"
    "memorysetup-temp-allocator-size-cloud-worker=32768"
    "memorysetup-temp-allocator-size-gi-baking-worker=262144"
    "memorysetup-temp-allocator-size-gfx=262144"
Player connection [38828] Host "[IP] 192.168.31.197 [Port] 0 [Flags] 2 [Guid] 1819760942 [EditorId] 1819760942 [Version] 1048832 [Id] WindowsEditor(7,DS-202405191929) [Debug] 1 [PackageName] WindowsEditor [ProjectName] Editor" joined multi-casting on [225.0.0.222:54997]...

Player connection [38828] Host "[IP] 192.168.31.197 [Port] 0 [Flags] 2 [Guid] 1819760942 [EditorId] 1819760942 [Version] 1048832 [Id] WindowsEditor(7,DS-202405191929) [Debug] 1 [PackageName] WindowsEditor [ProjectName] Editor" joined alternative multi-casting on [225.0.0.222:34997]...

AS: AutoStreaming module initializing.
[Physics::Module] Initialized MultithreadedJobDispatcher with {0} workers.
Refreshing native plugins compatible for Editor in 111.12 ms, found 5 plugins.
Preloading 0 native plugins for Editor in 0.00 ms.
Initialize engine version: 2021.3.41f1c1 (abf9ed549ceb)
[Subsystems] Discovering subsystems at path C:/Program Files/Unity/Hub/Editor/2021.3.41f1c1/Editor/Data/Resources/UnitySubsystems
[Subsystems] Discovering subsystems at path D:/Unity/源码素材/DrawSavePuzzle/Assets
GfxDevice: creating device client; threaded=0; jobified=0
Direct3D:
    Version:  Direct3D 11.0 [level 11.1]
    Renderer: NVIDIA GeForce RTX 2060 (ID=0x1f08)
    Vendor:   NVIDIA
    VRAM:     5969 MB
    Driver:   31.0.15.4629
Initialize mono
Mono path[0] = 'C:/Program Files/Unity/Hub/Editor/2021.3.41f1c1/Editor/Data/Managed'
Mono path[1] = 'C:/Program Files/Unity/Hub/Editor/2021.3.41f1c1/Editor/Data/MonoBleedingEdge/lib/mono/unityjit-win32'
Mono config path = 'C:/Program Files/Unity/Hub/Editor/2021.3.41f1c1/Editor/Data/MonoBleedingEdge/etc'
Using monoOptions --debugger-agent=transport=dt_socket,embedding=1,server=y,suspend=n,address=127.0.0.1:56816
Begin MonoManager ReloadAssembly
Registering precompiled unity dll's ...
Register platform support module: C:/Program Files/Unity/Hub/Editor/2021.3.41f1c1/Editor/Data/PlaybackEngines/WebGLSupport/UnityEditor.WebGL.Extensions.dll
Register platform support module: C:/Program Files/Unity/Hub/Editor/2021.3.41f1c1/Editor/Data/PlaybackEngines/WindowsStandaloneSupport/UnityEditor.WindowsStandalone.Extensions.dll
Registered in 0.011270 seconds.
Native extension for WindowsStandalone target not found
Native extension for WebGL target not found
Refreshing native plugins compatible for Editor in 106.38 ms, found 5 plugins.
Preloading 0 native plugins for Editor in 0.00 ms.
Mono: successfully reloaded assembly
- Completed reload, in  0.957 seconds
Domain Reload Profiling:
	ReloadAssembly (958ms)
		BeginReloadAssembly (138ms)
			ExecutionOrderSort (0ms)
			DisableScriptedObjects (0ms)
			BackupInstance (0ms)
			ReleaseScriptingObjects (0ms)
			CreateAndSetChildDomain (1ms)
		EndReloadAssembly (668ms)
			LoadAssemblies (133ms)
			RebuildTransferFunctionScriptingTraits (0ms)
			SetupTypeCache (172ms)
			ReleaseScriptCaches (0ms)
			RebuildScriptCaches (40ms)
			SetupLoadedEditorAssemblies (384ms)
				LogAssemblyErrors (0ms)
				InitializePlatformSupportModulesInManaged (13ms)
				SetLoadedEditorAssemblies (1ms)
				RefreshPlugins (106ms)
				BeforeProcessingInitializeOnLoad (2ms)
				ProcessInitializeOnLoadAttributes (193ms)
				ProcessInitializeOnLoadMethodAttributes (69ms)
				AfterProcessingInitializeOnLoad (0ms)
				EditorAssembliesLoaded (0ms)
			ExecutionOrderSort2 (0ms)
			AwakeInstancesAfterBackupRestoration (0ms)
Platform modules already initialized, skipping
Registering precompiled user dll's ...
Registered in 0.017944 seconds.
Begin MonoManager ReloadAssembly
Native extension for WindowsStandalone target not found
Native extension for WebGL target not found
Refreshing native plugins compatible for Editor in 1.22 ms, found 5 plugins.
Preloading 0 native plugins for Editor in 0.00 ms.
Package Manager log level set to [2]
[Package Manager] Server::EnsureServerProcessIsRunning -- launch failed, reason: Unity was launched with the -noUpm command-line argument
[Package Manager] Cannot connect to Unity Package Manager local server
Mono: successfully reloaded assembly
- Completed reload, in  1.983 seconds
Domain Reload Profiling:
	ReloadAssembly (1985ms)
		BeginReloadAssembly (232ms)
			ExecutionOrderSort (0ms)
			DisableScriptedObjects (9ms)
			BackupInstance (0ms)
			ReleaseScriptingObjects (0ms)
			CreateAndSetChildDomain (28ms)
		EndReloadAssembly (1595ms)
			LoadAssemblies (174ms)
			RebuildTransferFunctionScriptingTraits (0ms)
			SetupTypeCache (374ms)
			ReleaseScriptCaches (1ms)
			RebuildScriptCaches (74ms)
			SetupLoadedEditorAssemblies (969ms)
				LogAssemblyErrors (0ms)
				InitializePlatformSupportModulesInManaged (9ms)
				SetLoadedEditorAssemblies (1ms)
				RefreshPlugins (1ms)
				BeforeProcessingInitializeOnLoad (101ms)
				ProcessInitializeOnLoadAttributes (785ms)
				ProcessInitializeOnLoadMethodAttributes (57ms)
				AfterProcessingInitializeOnLoad (15ms)
				EditorAssembliesLoaded (0ms)
			ExecutionOrderSort2 (0ms)
			AwakeInstancesAfterBackupRestoration (8ms)
Platform modules already initialized, skipping
========================================================================
Worker process is ready to serve import requests
Launched and connected shader compiler UnityShaderCompiler.exe after 0.08 seconds
Refreshing native plugins compatible for Editor in 1.20 ms, found 5 plugins.
Preloading 0 native plugins for Editor in 0.00 ms.
Unloading 3215 Unused Serialized files (Serialized files now loaded: 0)
Unloading 47 unused Assets / (46.9 KB). Loaded Objects now: 3687.
Memory consumption went from 119.5 MB to 119.5 MB.
Total: 3.783600 ms (FindLiveObjects: 0.335500 ms CreateObjectMapping: 0.188600 ms MarkObjects: 3.171200 ms  DeleteObjects: 0.087200 ms)

AssetImportParameters requested are different than current active one (requested -> active):
  custom:video-decoder-ogg-theora: a1e56fd34408186e4bbccfd4996cb3dc -> 
  custom:container-muxer-webm: aa71ff27fc2769a1b78a27578f13a17b -> 
  custom:container-demuxer-webm: 4f35f7cbe854078d1ac9338744f61a02 -> 
  custom:video-encoder-webm-vp8: eb34c28f22e8b96e1ab97ce403110664 -> 
  custom:CustomObjectIndexerAttribute: bc11b3a6c3213fcdd17b65e7da85e133 -> 
  custom:audio-encoder-webm-vorbis: bf7c407c2cedff20999df2af8eb42d56 -> 
  custom:framework-win-MediaFoundation: 216162199b28c13a410421893ffa2e32 -> 
  custom:SearchIndexIgnoredProperties: e643bd26f0fe6173181afceb89e7c659 -> 
  custom:container-demuxer-ogg: 62fdf1f143b41e24485cea50d1cbac27 -> 
  custom:video-decoder-webm-vp8: 9c59270c3fd7afecdb556c50c9e8de78 -> 
  custom:audio-decoder-ogg-vorbis: bf7c407c2cedff20999df2af8eb42d56 -> 
========================================================================
Received Import Request.
  Time since last request: 22619.657061 seconds.
  path: Assets/Scenes/Main.unity
  artifactKey: Guid(afdbd8f49e6b8d44fbe2e92f9c18d28e) Importer(815301076,1909f56bfc062723c751e8b465ee728b)
Number of updated assets reloaded before import = 0
Start importing Assets/Scenes/Main.unity using Guid(afdbd8f49e6b8d44fbe2e92f9c18d28e) Importer(815301076,1909f56bfc062723c751e8b465ee728b)  -> (artifact id: 'c5345cb752b3164ab9ba2020d3c510ac') in 0.017370 seconds 
Number of asset objects unloaded after import = 0
========================================================================
Received Prepare
Registering precompiled user dll's ...
Registered in 0.017176 seconds.
Begin MonoManager ReloadAssembly
Native extension for WindowsStandalone target not found
Native extension for WebGL target not found
Refreshing native plugins compatible for Editor in 1.16 ms, found 5 plugins.
Preloading 0 native plugins for Editor in 0.00 ms.
[Package Manager] Server::EnsureServerProcessIsRunning -- launch failed, reason: Unity was launched with the -noUpm command-line argument
[Package Manager] Cannot connect to Unity Package Manager local server
Mono: successfully reloaded assembly
- Completed reload, in  1.937 seconds
Domain Reload Profiling:
	ReloadAssembly (1938ms)
		BeginReloadAssembly (256ms)
			ExecutionOrderSort (0ms)
			DisableScriptedObjects (8ms)
			BackupInstance (0ms)
			ReleaseScriptingObjects (0ms)
			CreateAndSetChildDomain (60ms)
		EndReloadAssembly (1513ms)
			LoadAssemblies (171ms)
			RebuildTransferFunctionScriptingTraits (0ms)
			SetupTypeCache (377ms)
			ReleaseScriptCaches (2ms)
			RebuildScriptCaches (57ms)
			SetupLoadedEditorAssemblies (914ms)
				LogAssemblyErrors (0ms)
				InitializePlatformSupportModulesInManaged (9ms)
				SetLoadedEditorAssemblies (1ms)
				RefreshPlugins (1ms)
				BeforeProcessingInitializeOnLoad (76ms)
				ProcessInitializeOnLoadAttributes (748ms)
				ProcessInitializeOnLoadMethodAttributes (62ms)
				AfterProcessingInitializeOnLoad (17ms)
				EditorAssembliesLoaded (0ms)
			ExecutionOrderSort2 (0ms)
			AwakeInstancesAfterBackupRestoration (8ms)
Platform modules already initialized, skipping
Refreshing native plugins compatible for Editor in 1.29 ms, found 5 plugins.
Preloading 0 native plugins for Editor in 0.00 ms.
Unloading 3189 Unused Serialized files (Serialized files now loaded: 0)
Unloading 42 unused Assets / (21.9 KB). Loaded Objects now: 3690.
Memory consumption went from 117.0 MB to 117.0 MB.
Total: 5.856100 ms (FindLiveObjects: 0.341100 ms CreateObjectMapping: 0.192600 ms MarkObjects: 5.290100 ms  DeleteObjects: 0.030900 ms)

AssetImportParameters requested are different than current active one (requested -> active):
  custom:video-decoder-ogg-theora: a1e56fd34408186e4bbccfd4996cb3dc -> 
  custom:container-muxer-webm: aa71ff27fc2769a1b78a27578f13a17b -> 
  custom:container-demuxer-webm: 4f35f7cbe854078d1ac9338744f61a02 -> 
  custom:video-encoder-webm-vp8: eb34c28f22e8b96e1ab97ce403110664 -> 
  custom:CustomObjectIndexerAttribute: bc11b3a6c3213fcdd17b65e7da85e133 -> 
  custom:audio-encoder-webm-vorbis: bf7c407c2cedff20999df2af8eb42d56 -> 
  custom:framework-win-MediaFoundation: 216162199b28c13a410421893ffa2e32 -> 
  custom:SearchIndexIgnoredProperties: e643bd26f0fe6173181afceb89e7c659 -> 
  custom:container-demuxer-ogg: 62fdf1f143b41e24485cea50d1cbac27 -> 
  custom:video-decoder-webm-vp8: 9c59270c3fd7afecdb556c50c9e8de78 -> 
  custom:audio-decoder-ogg-vorbis: bf7c407c2cedff20999df2af8eb42d56 -> 
========================================================================
Received Import Request.
  Time since last request: 56.763894 seconds.
  path: Assets/Scenes/Game.unity
  artifactKey: Guid(424a9f87ff775884395fe09fa5272408) Importer(815301076,1909f56bfc062723c751e8b465ee728b)
Number of updated assets reloaded before import = 0
Start importing Assets/Scenes/Game.unity using Guid(424a9f87ff775884395fe09fa5272408) Importer(815301076,1909f56bfc062723c751e8b465ee728b)  -> (artifact id: '3d65fe382b3b3df96fb2e15eaa81d8f1') in 0.014222 seconds 
Number of asset objects unloaded after import = 0
========================================================================
Received Prepare
Registering precompiled user dll's ...
Registered in 0.016742 seconds.
Begin MonoManager ReloadAssembly
Native extension for WindowsStandalone target not found
Native extension for WebGL target not found
Refreshing native plugins compatible for Editor in 1.24 ms, found 5 plugins.
Preloading 0 native plugins for Editor in 0.00 ms.
[Package Manager] Server::EnsureServerProcessIsRunning -- launch failed, reason: Unity was launched with the -noUpm command-line argument
[Package Manager] Cannot connect to Unity Package Manager local server
Mono: successfully reloaded assembly
- Completed reload, in  1.779 seconds
Domain Reload Profiling:
	ReloadAssembly (1780ms)
		BeginReloadAssembly (215ms)
			ExecutionOrderSort (0ms)
			DisableScriptedObjects (8ms)
			BackupInstance (0ms)
			ReleaseScriptingObjects (0ms)
			CreateAndSetChildDomain (54ms)
		EndReloadAssembly (1423ms)
			LoadAssemblies (135ms)
			RebuildTransferFunctionScriptingTraits (0ms)
			SetupTypeCache (318ms)
			ReleaseScriptCaches (2ms)
			RebuildScriptCaches (55ms)
			SetupLoadedEditorAssemblies (885ms)
				LogAssemblyErrors (0ms)
				InitializePlatformSupportModulesInManaged (9ms)
				SetLoadedEditorAssemblies (1ms)
				RefreshPlugins (1ms)
				BeforeProcessingInitializeOnLoad (73ms)
				ProcessInitializeOnLoadAttributes (719ms)
				ProcessInitializeOnLoadMethodAttributes (62ms)
				AfterProcessingInitializeOnLoad (20ms)
				EditorAssembliesLoaded (0ms)
			ExecutionOrderSort2 (0ms)
			AwakeInstancesAfterBackupRestoration (13ms)
Platform modules already initialized, skipping
Refreshing native plugins compatible for Editor in 1.20 ms, found 5 plugins.
Preloading 0 native plugins for Editor in 0.00 ms.
Unloading 3189 Unused Serialized files (Serialized files now loaded: 0)
Unloading 42 unused Assets / (21.9 KB). Loaded Objects now: 3693.
Memory consumption went from 117.1 MB to 117.0 MB.
Total: 3.888600 ms (FindLiveObjects: 0.351100 ms CreateObjectMapping: 0.199200 ms MarkObjects: 3.312500 ms  DeleteObjects: 0.024400 ms)

AssetImportParameters requested are different than current active one (requested -> active):
  custom:video-decoder-ogg-theora: a1e56fd34408186e4bbccfd4996cb3dc -> 
  custom:container-muxer-webm: aa71ff27fc2769a1b78a27578f13a17b -> 
  custom:container-demuxer-webm: 4f35f7cbe854078d1ac9338744f61a02 -> 
  custom:video-encoder-webm-vp8: eb34c28f22e8b96e1ab97ce403110664 -> 
  custom:CustomObjectIndexerAttribute: bc11b3a6c3213fcdd17b65e7da85e133 -> 
  custom:audio-encoder-webm-vorbis: bf7c407c2cedff20999df2af8eb42d56 -> 
  custom:framework-win-MediaFoundation: 216162199b28c13a410421893ffa2e32 -> 
  custom:SearchIndexIgnoredProperties: e643bd26f0fe6173181afceb89e7c659 -> 
  custom:container-demuxer-ogg: 62fdf1f143b41e24485cea50d1cbac27 -> 
  custom:video-decoder-webm-vp8: 9c59270c3fd7afecdb556c50c9e8de78 -> 
  custom:audio-decoder-ogg-vorbis: bf7c407c2cedff20999df2af8eb42d56 -> 
========================================================================
Received Prepare
Registering precompiled user dll's ...
Registered in 0.019983 seconds.
Begin MonoManager ReloadAssembly
Native extension for WindowsStandalone target not found
Native extension for WebGL target not found
Refreshing native plugins compatible for Editor in 1.22 ms, found 5 plugins.
Preloading 0 native plugins for Editor in 0.00 ms.
[Package Manager] Server::EnsureServerProcessIsRunning -- launch failed, reason: Unity was launched with the -noUpm command-line argument
[Package Manager] Cannot connect to Unity Package Manager local server
Mono: successfully reloaded assembly
- Completed reload, in  1.832 seconds
Domain Reload Profiling:
	ReloadAssembly (1833ms)
		BeginReloadAssembly (225ms)
			ExecutionOrderSort (0ms)
			DisableScriptedObjects (8ms)
			BackupInstance (0ms)
			ReleaseScriptingObjects (0ms)
			CreateAndSetChildDomain (65ms)
		EndReloadAssembly (1460ms)
			LoadAssemblies (139ms)
			RebuildTransferFunctionScriptingTraits (0ms)
			SetupTypeCache (360ms)
			ReleaseScriptCaches (2ms)
			RebuildScriptCaches (58ms)
			SetupLoadedEditorAssemblies (878ms)
				LogAssemblyErrors (0ms)
				InitializePlatformSupportModulesInManaged (10ms)
				SetLoadedEditorAssemblies (1ms)
				RefreshPlugins (1ms)
				BeforeProcessingInitializeOnLoad (75ms)
				ProcessInitializeOnLoadAttributes (714ms)
				ProcessInitializeOnLoadMethodAttributes (60ms)
				AfterProcessingInitializeOnLoad (16ms)
				EditorAssembliesLoaded (0ms)
			ExecutionOrderSort2 (0ms)
			AwakeInstancesAfterBackupRestoration (8ms)
Platform modules already initialized, skipping
Refreshing native plugins compatible for Editor in 1.26 ms, found 5 plugins.
Preloading 0 native plugins for Editor in 0.00 ms.
Unloading 3189 Unused Serialized files (Serialized files now loaded: 0)
Unloading 42 unused Assets / (22.0 KB). Loaded Objects now: 3696.
Memory consumption went from 117.1 MB to 117.0 MB.
Total: 6.776800 ms (FindLiveObjects: 0.490800 ms CreateObjectMapping: 0.355600 ms MarkObjects: 5.902100 ms  DeleteObjects: 0.027000 ms)

AssetImportParameters requested are different than current active one (requested -> active):
  custom:video-decoder-ogg-theora: a1e56fd34408186e4bbccfd4996cb3dc -> 
  custom:container-muxer-webm: aa71ff27fc2769a1b78a27578f13a17b -> 
  custom:container-demuxer-webm: 4f35f7cbe854078d1ac9338744f61a02 -> 
  custom:video-encoder-webm-vp8: eb34c28f22e8b96e1ab97ce403110664 -> 
  custom:CustomObjectIndexerAttribute: bc11b3a6c3213fcdd17b65e7da85e133 -> 
  custom:audio-encoder-webm-vorbis: bf7c407c2cedff20999df2af8eb42d56 -> 
  custom:framework-win-MediaFoundation: 216162199b28c13a410421893ffa2e32 -> 
  custom:SearchIndexIgnoredProperties: e643bd26f0fe6173181afceb89e7c659 -> 
  custom:container-demuxer-ogg: 62fdf1f143b41e24485cea50d1cbac27 -> 
  custom:video-decoder-webm-vp8: 9c59270c3fd7afecdb556c50c9e8de78 -> 
  custom:audio-decoder-ogg-vorbis: bf7c407c2cedff20999df2af8eb42d56 -> 
========================================================================
Received Prepare
Registering precompiled user dll's ...
Registered in 0.017045 seconds.
Begin MonoManager ReloadAssembly
Native extension for WindowsStandalone target not found
Native extension for WebGL target not found
Refreshing native plugins compatible for Editor in 1.16 ms, found 5 plugins.
Preloading 0 native plugins for Editor in 0.00 ms.
[Package Manager] Server::EnsureServerProcessIsRunning -- launch failed, reason: Unity was launched with the -noUpm command-line argument
[Package Manager] Cannot connect to Unity Package Manager local server
Mono: successfully reloaded assembly
- Completed reload, in  1.898 seconds
Domain Reload Profiling:
	ReloadAssembly (1899ms)
		BeginReloadAssembly (254ms)
			ExecutionOrderSort (0ms)
			DisableScriptedObjects (8ms)
			BackupInstance (0ms)
			ReleaseScriptingObjects (0ms)
			CreateAndSetChildDomain (60ms)
		EndReloadAssembly (1476ms)
			LoadAssemblies (170ms)
			RebuildTransferFunctionScriptingTraits (0ms)
			SetupTypeCache (339ms)
			ReleaseScriptCaches (2ms)
			RebuildScriptCaches (55ms)
			SetupLoadedEditorAssemblies (912ms)
				LogAssemblyErrors (0ms)
				InitializePlatformSupportModulesInManaged (10ms)
				SetLoadedEditorAssemblies (1ms)
				RefreshPlugins (1ms)
				BeforeProcessingInitializeOnLoad (73ms)
				ProcessInitializeOnLoadAttributes (741ms)
				ProcessInitializeOnLoadMethodAttributes (69ms)
				AfterProcessingInitializeOnLoad (18ms)
				EditorAssembliesLoaded (0ms)
			ExecutionOrderSort2 (0ms)
			AwakeInstancesAfterBackupRestoration (9ms)
Platform modules already initialized, skipping
Refreshing native plugins compatible for Editor in 1.26 ms, found 5 plugins.
Preloading 0 native plugins for Editor in 0.00 ms.
Unloading 3189 Unused Serialized files (Serialized files now loaded: 0)
Unloading 42 unused Assets / (21.9 KB). Loaded Objects now: 3699.
Memory consumption went from 117.1 MB to 117.0 MB.
Total: 6.990100 ms (FindLiveObjects: 0.518500 ms CreateObjectMapping: 0.369900 ms MarkObjects: 6.053600 ms  DeleteObjects: 0.046300 ms)

AssetImportParameters requested are different than current active one (requested -> active):
  custom:video-decoder-ogg-theora: a1e56fd34408186e4bbccfd4996cb3dc -> 
  custom:container-muxer-webm: aa71ff27fc2769a1b78a27578f13a17b -> 
  custom:container-demuxer-webm: 4f35f7cbe854078d1ac9338744f61a02 -> 
  custom:video-encoder-webm-vp8: eb34c28f22e8b96e1ab97ce403110664 -> 
  custom:CustomObjectIndexerAttribute: bc11b3a6c3213fcdd17b65e7da85e133 -> 
  custom:audio-encoder-webm-vorbis: bf7c407c2cedff20999df2af8eb42d56 -> 
  custom:framework-win-MediaFoundation: 216162199b28c13a410421893ffa2e32 -> 
  custom:SearchIndexIgnoredProperties: e643bd26f0fe6173181afceb89e7c659 -> 
  custom:container-demuxer-ogg: 62fdf1f143b41e24485cea50d1cbac27 -> 
  custom:video-decoder-webm-vp8: 9c59270c3fd7afecdb556c50c9e8de78 -> 
  custom:audio-decoder-ogg-vorbis: bf7c407c2cedff20999df2af8eb42d56 -> 
========================================================================
Received Prepare
Registering precompiled user dll's ...
Registered in 0.016663 seconds.
Begin MonoManager ReloadAssembly
Native extension for WindowsStandalone target not found
Native extension for WebGL target not found
Refreshing native plugins compatible for Editor in 1.24 ms, found 5 plugins.
Preloading 0 native plugins for Editor in 0.00 ms.
[Package Manager] Server::EnsureServerProcessIsRunning -- launch failed, reason: Unity was launched with the -noUpm command-line argument
[Package Manager] Cannot connect to Unity Package Manager local server
Mono: successfully reloaded assembly
- Completed reload, in  1.814 seconds
Domain Reload Profiling:
	ReloadAssembly (1815ms)
		BeginReloadAssembly (231ms)
			ExecutionOrderSort (0ms)
			DisableScriptedObjects (8ms)
			BackupInstance (0ms)
			ReleaseScriptingObjects (0ms)
			CreateAndSetChildDomain (65ms)
		EndReloadAssembly (1441ms)
			LoadAssemblies (138ms)
			RebuildTransferFunctionScriptingTraits (0ms)
			SetupTypeCache (330ms)
			ReleaseScriptCaches (2ms)
			RebuildScriptCaches (57ms)
			SetupLoadedEditorAssemblies (895ms)
				LogAssemblyErrors (0ms)
				InitializePlatformSupportModulesInManaged (9ms)
				SetLoadedEditorAssemblies (1ms)
				RefreshPlugins (1ms)
				BeforeProcessingInitializeOnLoad (74ms)
				ProcessInitializeOnLoadAttributes (733ms)
				ProcessInitializeOnLoadMethodAttributes (61ms)
				AfterProcessingInitializeOnLoad (15ms)
				EditorAssembliesLoaded (0ms)
			ExecutionOrderSort2 (0ms)
			AwakeInstancesAfterBackupRestoration (10ms)
Platform modules already initialized, skipping
Refreshing native plugins compatible for Editor in 1.15 ms, found 5 plugins.
Preloading 0 native plugins for Editor in 0.00 ms.
Unloading 3189 Unused Serialized files (Serialized files now loaded: 0)
Unloading 42 unused Assets / (21.9 KB). Loaded Objects now: 3702.
Memory consumption went from 117.1 MB to 117.1 MB.
Total: 3.550800 ms (FindLiveObjects: 0.324500 ms CreateObjectMapping: 0.181400 ms MarkObjects: 3.020400 ms  DeleteObjects: 0.023500 ms)

AssetImportParameters requested are different than current active one (requested -> active):
  custom:video-decoder-ogg-theora: a1e56fd34408186e4bbccfd4996cb3dc -> 
  custom:container-muxer-webm: aa71ff27fc2769a1b78a27578f13a17b -> 
  custom:container-demuxer-webm: 4f35f7cbe854078d1ac9338744f61a02 -> 
  custom:video-encoder-webm-vp8: eb34c28f22e8b96e1ab97ce403110664 -> 
  custom:CustomObjectIndexerAttribute: bc11b3a6c3213fcdd17b65e7da85e133 -> 
  custom:audio-encoder-webm-vorbis: bf7c407c2cedff20999df2af8eb42d56 -> 
  custom:framework-win-MediaFoundation: 216162199b28c13a410421893ffa2e32 -> 
  custom:SearchIndexIgnoredProperties: e643bd26f0fe6173181afceb89e7c659 -> 
  custom:container-demuxer-ogg: 62fdf1f143b41e24485cea50d1cbac27 -> 
  custom:video-decoder-webm-vp8: 9c59270c3fd7afecdb556c50c9e8de78 -> 
  custom:audio-decoder-ogg-vorbis: bf7c407c2cedff20999df2af8eb42d56 -> 
========================================================================
Received Prepare
Registering precompiled user dll's ...
Registered in 0.020557 seconds.
Begin MonoManager ReloadAssembly
Native extension for WindowsStandalone target not found
Native extension for WebGL target not found
Refreshing native plugins compatible for Editor in 1.13 ms, found 5 plugins.
Preloading 0 native plugins for Editor in 0.00 ms.
[Package Manager] Server::EnsureServerProcessIsRunning -- launch failed, reason: Unity was launched with the -noUpm command-line argument
[Package Manager] Cannot connect to Unity Package Manager local server
Mono: successfully reloaded assembly
- Completed reload, in  1.949 seconds
Domain Reload Profiling:
	ReloadAssembly (1949ms)
		BeginReloadAssembly (218ms)
			ExecutionOrderSort (0ms)
			DisableScriptedObjects (8ms)
			BackupInstance (0ms)
			ReleaseScriptingObjects (0ms)
			CreateAndSetChildDomain (43ms)
		EndReloadAssembly (1563ms)
			LoadAssemblies (160ms)
			RebuildTransferFunctionScriptingTraits (0ms)
			SetupTypeCache (381ms)
			ReleaseScriptCaches (2ms)
			RebuildScriptCaches (63ms)
			SetupLoadedEditorAssemblies (922ms)
				LogAssemblyErrors (0ms)
				InitializePlatformSupportModulesInManaged (9ms)
				SetLoadedEditorAssemblies (1ms)
				RefreshPlugins (1ms)
				BeforeProcessingInitializeOnLoad (75ms)
				ProcessInitializeOnLoadAttributes (749ms)
				ProcessInitializeOnLoadMethodAttributes (68ms)
				AfterProcessingInitializeOnLoad (18ms)
				EditorAssembliesLoaded (0ms)
			ExecutionOrderSort2 (0ms)
			AwakeInstancesAfterBackupRestoration (13ms)
Platform modules already initialized, skipping
Refreshing native plugins compatible for Editor in 1.19 ms, found 5 plugins.
Preloading 0 native plugins for Editor in 0.00 ms.
Unloading 3189 Unused Serialized files (Serialized files now loaded: 0)
Unloading 42 unused Assets / (22.0 KB). Loaded Objects now: 3705.
Memory consumption went from 117.1 MB to 117.1 MB.
Total: 4.164100 ms (FindLiveObjects: 0.501700 ms CreateObjectMapping: 0.424400 ms MarkObjects: 3.210600 ms  DeleteObjects: 0.025900 ms)

AssetImportParameters requested are different than current active one (requested -> active):
  custom:video-decoder-ogg-theora: a1e56fd34408186e4bbccfd4996cb3dc -> 
  custom:container-muxer-webm: aa71ff27fc2769a1b78a27578f13a17b -> 
  custom:container-demuxer-webm: 4f35f7cbe854078d1ac9338744f61a02 -> 
  custom:video-encoder-webm-vp8: eb34c28f22e8b96e1ab97ce403110664 -> 
  custom:CustomObjectIndexerAttribute: bc11b3a6c3213fcdd17b65e7da85e133 -> 
  custom:audio-encoder-webm-vorbis: bf7c407c2cedff20999df2af8eb42d56 -> 
  custom:framework-win-MediaFoundation: 216162199b28c13a410421893ffa2e32 -> 
  custom:SearchIndexIgnoredProperties: e643bd26f0fe6173181afceb89e7c659 -> 
  custom:container-demuxer-ogg: 62fdf1f143b41e24485cea50d1cbac27 -> 
  custom:video-decoder-webm-vp8: 9c59270c3fd7afecdb556c50c9e8de78 -> 
  custom:audio-decoder-ogg-vorbis: bf7c407c2cedff20999df2af8eb42d56 -> 
========================================================================
Received Prepare
Registering precompiled user dll's ...
Registered in 0.016829 seconds.
Begin MonoManager ReloadAssembly
Native extension for WindowsStandalone target not found
Native extension for WebGL target not found
Refreshing native plugins compatible for Editor in 1.30 ms, found 5 plugins.
Preloading 0 native plugins for Editor in 0.00 ms.
[Package Manager] Server::EnsureServerProcessIsRunning -- launch failed, reason: Unity was launched with the -noUpm command-line argument
[Package Manager] Cannot connect to Unity Package Manager local server
Mono: successfully reloaded assembly
- Completed reload, in  1.855 seconds
Domain Reload Profiling:
	ReloadAssembly (1856ms)
		BeginReloadAssembly (222ms)
			ExecutionOrderSort (0ms)
			DisableScriptedObjects (8ms)
			BackupInstance (0ms)
			ReleaseScriptingObjects (0ms)
			CreateAndSetChildDomain (50ms)
		EndReloadAssembly (1489ms)
			LoadAssemblies (145ms)
			RebuildTransferFunctionScriptingTraits (0ms)
			SetupTypeCache (319ms)
			ReleaseScriptCaches (2ms)
			RebuildScriptCaches (57ms)
			SetupLoadedEditorAssemblies (956ms)
				LogAssemblyErrors (0ms)
				InitializePlatformSupportModulesInManaged (9ms)
				SetLoadedEditorAssemblies (1ms)
				RefreshPlugins (1ms)
				BeforeProcessingInitializeOnLoad (74ms)
				ProcessInitializeOnLoadAttributes (782ms)
				ProcessInitializeOnLoadMethodAttributes (71ms)
				AfterProcessingInitializeOnLoad (16ms)
				EditorAssembliesLoaded (0ms)
			ExecutionOrderSort2 (0ms)
			AwakeInstancesAfterBackupRestoration (8ms)
Platform modules already initialized, skipping
Refreshing native plugins compatible for Editor in 1.21 ms, found 5 plugins.
Preloading 0 native plugins for Editor in 0.00 ms.
Unloading 3189 Unused Serialized files (Serialized files now loaded: 0)
Unloading 42 unused Assets / (21.9 KB). Loaded Objects now: 3708.
Memory consumption went from 117.1 MB to 117.1 MB.
Total: 4.264900 ms (FindLiveObjects: 0.526200 ms CreateObjectMapping: 0.354300 ms MarkObjects: 3.358000 ms  DeleteObjects: 0.024800 ms)

AssetImportParameters requested are different than current active one (requested -> active):
  custom:video-decoder-ogg-theora: a1e56fd34408186e4bbccfd4996cb3dc -> 
  custom:container-muxer-webm: aa71ff27fc2769a1b78a27578f13a17b -> 
  custom:container-demuxer-webm: 4f35f7cbe854078d1ac9338744f61a02 -> 
  custom:video-encoder-webm-vp8: eb34c28f22e8b96e1ab97ce403110664 -> 
  custom:CustomObjectIndexerAttribute: bc11b3a6c3213fcdd17b65e7da85e133 -> 
  custom:audio-encoder-webm-vorbis: bf7c407c2cedff20999df2af8eb42d56 -> 
  custom:framework-win-MediaFoundation: 216162199b28c13a410421893ffa2e32 -> 
  custom:SearchIndexIgnoredProperties: e643bd26f0fe6173181afceb89e7c659 -> 
  custom:container-demuxer-ogg: 62fdf1f143b41e24485cea50d1cbac27 -> 
  custom:video-decoder-webm-vp8: 9c59270c3fd7afecdb556c50c9e8de78 -> 
  custom:audio-decoder-ogg-vorbis: bf7c407c2cedff20999df2af8eb42d56 -> 
========================================================================
Received Prepare
Registering precompiled user dll's ...
Registered in 0.016475 seconds.
Begin MonoManager ReloadAssembly
Native extension for WindowsStandalone target not found
Native extension for WebGL target not found
Refreshing native plugins compatible for Editor in 1.09 ms, found 5 plugins.
Preloading 0 native plugins for Editor in 0.00 ms.
Unable to write to 'ProjectSettings\GvhProjectSettings.xml' (System.IO.IOException: Sharing violation on path D:\Unity\源码素材\DrawSavePuzzle\ProjectSettings\GvhProjectSettings.xml
  at System.IO.FileStream..ctor (System.String path, System.IO.FileMode mode, System.IO.FileAccess access, System.IO.FileShare share, System.Int32 bufferSize, System.Boolean anonymous, System.IO.FileOptions options) [0x0019e] in <487e528c992b4333913a4cf415048a57>:0 
  at System.IO.FileStream..ctor (System.String path, System.IO.FileMode mode, System.IO.FileAccess access, System.IO.FileShare share, System.Int32 bufferSize, System.IO.FileOptions options) [0x00000] in <487e528c992b4333913a4cf415048a57>:0 
  at System.IO.FileStream..ctor (System.String path, System.IO.FileMode mode, System.IO.FileAccess access, System.IO.FileShare share, System.Int32 bufferSize, System.Boolean useAsync) [0x00000] in <487e528c992b4333913a4cf415048a57>:0 
  at (wrapper remoting-invoke-with-check) System.IO.FileStream..ctor(string,System.IO.FileMode,System.IO.FileAccess,System.IO.FileShare,int,bool)
  at System.Xml.XmlWriterSettings.CreateWriter (System.String outputFileName) [0x00051] in <e78cac19103e4745aaa23e7a88367cbf>:0 
  at System.Xml.XmlWriter.Create (System.String outputFileName, System.Xml.XmlWriterSettings settings) [0x0000a] in <e78cac19103e4745aaa23e7a88367cbf>:0 
  at Google.ProjectSettings.Save () [0x000a1] in Z:\tmp\tmp.zlN8ncJz9n\third_party\unity\unity_jar_resolver\source\VersionHandlerImpl\src\ProjectSettings.cs:828 , Project settings were not saved!
UnityEngine.StackTraceUtility:ExtractStackTrace ()
UnityEngine.DebugLogHandler:LogFormat (UnityEngine.LogType,UnityEngine.Object,string,object[])
UnityEngine.Logger:Log (UnityEngine.LogType,object)
UnityEngine.Debug:LogError (object)
Google.Logger:Log (string,Google.LogLevel) (at Z:/tmp/tmp.zlN8ncJz9n/third_party/unity/unity_jar_resolver/source/VersionHandlerImpl/src/Logger.cs:136)
Google.ProjectSettings:Save () (at Z:/tmp/tmp.zlN8ncJz9n/third_party/unity/unity_jar_resolver/source/VersionHandlerImpl/src/ProjectSettings.cs:844)
Google.ProjectSettings:SetBool (string,bool,Google.SettingsLocation) (at Z:/tmp/tmp.zlN8ncJz9n/third_party/unity/unity_jar_resolver/source/VersionHandlerImpl/src/ProjectSettings.cs:485)
Google.ProjectSettings:SetBool (string,bool) (at Z:/tmp/tmp.zlN8ncJz9n/third_party/unity/unity_jar_resolver/source/VersionHandlerImpl/src/ProjectSettings.cs:497)
Google.IOSResolver:set_VerboseLoggingEnabled (bool) (at Z:/tmp/tmp.MQ461w6xyu/third_party/unity/unity_jar_resolver/source/IOSResolver/src/IOSResolver.cs:1007)
Google.IOSResolver:.cctor () (at Z:/tmp/tmp.MQ461w6xyu/third_party/unity/unity_jar_resolver/source/IOSResolver/src/IOSResolver.cs:701)
System.Runtime.CompilerServices.RuntimeHelpers:RunClassConstructor (System.RuntimeTypeHandle)
UnityEditor.EditorAssemblies:ProcessInitializeOnLoadAttributes (System.Type[])

(Filename: Z:/tmp/tmp.zlN8ncJz9n/third_party/unity/unity_jar_resolver/source/VersionHandlerImpl/src/ProjectSettings.cs Line: 844)

[Package Manager] Server::EnsureServerProcessIsRunning -- launch failed, reason: Unity was launched with the -noUpm command-line argument
[Package Manager] Cannot connect to Unity Package Manager local server
Mono: successfully reloaded assembly
- Completed reload, in  1.930 seconds
Domain Reload Profiling:
	ReloadAssembly (1931ms)
		BeginReloadAssembly (287ms)
			ExecutionOrderSort (0ms)
			DisableScriptedObjects (8ms)
			BackupInstance (0ms)
			ReleaseScriptingObjects (0ms)
			CreateAndSetChildDomain (66ms)
		EndReloadAssembly (1480ms)
			LoadAssemblies (187ms)
			RebuildTransferFunctionScriptingTraits (0ms)
			SetupTypeCache (356ms)
			ReleaseScriptCaches (2ms)
			RebuildScriptCaches (61ms)
			SetupLoadedEditorAssemblies (880ms)
				LogAssemblyErrors (0ms)
				InitializePlatformSupportModulesInManaged (9ms)
				SetLoadedEditorAssemblies (1ms)
				RefreshPlugins (1ms)
				BeforeProcessingInitializeOnLoad (73ms)
				ProcessInitializeOnLoadAttributes (711ms)
				ProcessInitializeOnLoadMethodAttributes (68ms)
				AfterProcessingInitializeOnLoad (17ms)
				EditorAssembliesLoaded (0ms)
			ExecutionOrderSort2 (0ms)
			AwakeInstancesAfterBackupRestoration (9ms)
Platform modules already initialized, skipping
Refreshing native plugins compatible for Editor in 1.10 ms, found 5 plugins.
Preloading 0 native plugins for Editor in 0.00 ms.
Unloading 3189 Unused Serialized files (Serialized files now loaded: 0)
Unloading 42 unused Assets / (21.9 KB). Loaded Objects now: 3711.
Memory consumption went from 117.3 MB to 117.2 MB.
Total: 3.607500 ms (FindLiveObjects: 0.330500 ms CreateObjectMapping: 0.186000 ms MarkObjects: 3.066400 ms  DeleteObjects: 0.023300 ms)

AssetImportParameters requested are different than current active one (requested -> active):
  custom:video-decoder-ogg-theora: a1e56fd34408186e4bbccfd4996cb3dc -> 
  custom:container-muxer-webm: aa71ff27fc2769a1b78a27578f13a17b -> 
  custom:container-demuxer-webm: 4f35f7cbe854078d1ac9338744f61a02 -> 
  custom:video-encoder-webm-vp8: eb34c28f22e8b96e1ab97ce403110664 -> 
  custom:CustomObjectIndexerAttribute: bc11b3a6c3213fcdd17b65e7da85e133 -> 
  custom:audio-encoder-webm-vorbis: bf7c407c2cedff20999df2af8eb42d56 -> 
  custom:framework-win-MediaFoundation: 216162199b28c13a410421893ffa2e32 -> 
  custom:SearchIndexIgnoredProperties: e643bd26f0fe6173181afceb89e7c659 -> 
  custom:container-demuxer-ogg: 62fdf1f143b41e24485cea50d1cbac27 -> 
  custom:video-decoder-webm-vp8: 9c59270c3fd7afecdb556c50c9e8de78 -> 
  custom:audio-decoder-ogg-vorbis: bf7c407c2cedff20999df2af8eb42d56 -> 
========================================================================
Received Import Request.
  Time since last request: 560.406859 seconds.
  path: Assets/Resources/prefabs
  artifactKey: Guid(65e14791751c84349ba784de1ac3ad6c) Importer(815301076,1909f56bfc062723c751e8b465ee728b)
Number of updated assets reloaded before import = 0
Start importing Assets/Resources/prefabs using Guid(65e14791751c84349ba784de1ac3ad6c) Importer(815301076,1909f56bfc062723c751e8b465ee728b)  -> (artifact id: '7ce1e995cf576987103cae09ccffbe44') in 0.007500 seconds 
Number of asset objects unloaded after import = 0
========================================================================
Received Import Request.
  Time since last request: 4.353746 seconds.
  path: Assets/Resources/prefabs/level
  artifactKey: Guid(c298b36a381db4736ac637001e664dbb) Importer(815301076,1909f56bfc062723c751e8b465ee728b)
Number of updated assets reloaded before import = 0
Start importing Assets/Resources/prefabs/level using Guid(c298b36a381db4736ac637001e664dbb) Importer(815301076,1909f56bfc062723c751e8b465ee728b)  -> (artifact id: '005aefe1ac1bb0786e1bd22096e4e770') in 0.001788 seconds 
Number of asset objects unloaded after import = 0
========================================================================
Received Import Request.
  Time since last request: 1.320711 seconds.
  path: Assets/Resources/prefabs/level/LV_1.prefab
  artifactKey: Guid(318b30b457bd481ebc9eecf62bed7ef6) Importer(815301076,1909f56bfc062723c751e8b465ee728b)
Number of updated assets reloaded before import = 0
Start importing Assets/Resources/prefabs/level/LV_1.prefab using Guid(318b30b457bd481ebc9eecf62bed7ef6) Importer(815301076,1909f56bfc062723c751e8b465ee728b)  -> (artifact id: '6dd52297aa4bd9a547f5a7abca5a27c9') in 0.256770 seconds 
Number of asset objects unloaded after import = 135
========================================================================
Received Import Request.
  Time since last request: 2.812977 seconds.
  path: Assets/Resources/prefabs/level/LV_2.prefab
  artifactKey: Guid(c9297d2144574eae9f8012db37ad6a09) Importer(815301076,1909f56bfc062723c751e8b465ee728b)
Number of updated assets reloaded before import = 0
Start importing Assets/Resources/prefabs/level/LV_2.prefab using Guid(c9297d2144574eae9f8012db37ad6a09) Importer(815301076,1909f56bfc062723c751e8b465ee728b)  -> (artifact id: 'd97e4114e5052471e3bb2af57c50ea4c') in 0.073169 seconds 
Number of asset objects unloaded after import = 65
========================================================================
Received Import Request.
  Time since last request: 0.680591 seconds.
  path: Assets/Resources/prefabs/level/LV_3.prefab
  artifactKey: Guid(a5ebe35e924a44d2b559dc01432fc98b) Importer(815301076,1909f56bfc062723c751e8b465ee728b)
Number of updated assets reloaded before import = 0
Start importing Assets/Resources/prefabs/level/LV_3.prefab using Guid(a5ebe35e924a44d2b559dc01432fc98b) Importer(815301076,1909f56bfc062723c751e8b465ee728b)  -> (artifact id: '17516cfacee90c542fd95aa84ae46588') in 0.020250 seconds 
Number of asset objects unloaded after import = 86
========================================================================
Received Import Request.
  Time since last request: 0.733664 seconds.
  path: Assets/Resources/prefabs/level/LV_5.prefab
  artifactKey: Guid(92392d7c8c9a412ba4f95e1c4581f025) Importer(815301076,1909f56bfc062723c751e8b465ee728b)
Number of updated assets reloaded before import = 0
Start importing Assets/Resources/prefabs/level/LV_5.prefab using Guid(92392d7c8c9a412ba4f95e1c4581f025) Importer(815301076,1909f56bfc062723c751e8b465ee728b)  -> (artifact id: '302c1aaf336949b8f18e946bf0c2b97c') in 0.063353 seconds 
Number of asset objects unloaded after import = 55
========================================================================
Received Import Request.
  Time since last request: 0.639837 seconds.
  path: Assets/Resources/prefabs/level/LV_7.prefab
  artifactKey: Guid(442df2543e4e49ceb2d209deb8fbe057) Importer(815301076,1909f56bfc062723c751e8b465ee728b)
Number of updated assets reloaded before import = 0
Start importing Assets/Resources/prefabs/level/LV_7.prefab using Guid(442df2543e4e49ceb2d209deb8fbe057) Importer(815301076,1909f56bfc062723c751e8b465ee728b)  -> (artifact id: '3d11aa68f887af3749eaf7b42feb16cf') in 0.017715 seconds 
Number of asset objects unloaded after import = 71
========================================================================
Received Import Request.
  Time since last request: 1.833110 seconds.
  path: Assets/Resources/prefabs/level/LV_8.prefab
  artifactKey: Guid(fb8197156d9642469e343ee827345cff) Importer(815301076,1909f56bfc062723c751e8b465ee728b)
Number of updated assets reloaded before import = 0
Start importing Assets/Resources/prefabs/level/LV_8.prefab using Guid(fb8197156d9642469e343ee827345cff) Importer(815301076,1909f56bfc062723c751e8b465ee728b)  -> (artifact id: '7a48f8ea2c1121867c4f8c30b2b436fa') in 0.015641 seconds 
Number of asset objects unloaded after import = 52
========================================================================
Received Import Request.
  Time since last request: 0.997820 seconds.
  path: Assets/Resources/prefabs/level/LV_9.prefab
  artifactKey: Guid(977e1cdca29b4559a35e5cf0658a64f5) Importer(815301076,1909f56bfc062723c751e8b465ee728b)
Number of updated assets reloaded before import = 0
Start importing Assets/Resources/prefabs/level/LV_9.prefab using Guid(977e1cdca29b4559a35e5cf0658a64f5) Importer(815301076,1909f56bfc062723c751e8b465ee728b)  -> (artifact id: '048071a70f1ab8750637507e66d47c8d') in 0.016329 seconds 
Number of asset objects unloaded after import = 61
========================================================================
Received Import Request.
  Time since last request: 0.715214 seconds.
  path: Assets/Resources/prefabs/level/LV_10.prefab
  artifactKey: Guid(2403de10846b4e5faa728ba6d39bb7cd) Importer(815301076,1909f56bfc062723c751e8b465ee728b)
Number of updated assets reloaded before import = 0
Start importing Assets/Resources/prefabs/level/LV_10.prefab using Guid(2403de10846b4e5faa728ba6d39bb7cd) Importer(815301076,1909f56bfc062723c751e8b465ee728b)  -> (artifact id: 'f59d59a4d91ed67f112029abd7b72ec0') in 0.014645 seconds 
Number of asset objects unloaded after import = 58
========================================================================
Received Import Request.
  Time since last request: 0.759323 seconds.
  path: Assets/Resources/prefabs/level/LV_11.prefab
  artifactKey: Guid(ef9c992fa3284e958d164d6c41a8f76b) Importer(815301076,1909f56bfc062723c751e8b465ee728b)
Number of updated assets reloaded before import = 0
Start importing Assets/Resources/prefabs/level/LV_11.prefab using Guid(ef9c992fa3284e958d164d6c41a8f76b) Importer(815301076,1909f56bfc062723c751e8b465ee728b)  -> (artifact id: '2173d7b3b63755e04bba81a93724e56d') in 0.024740 seconds 
Number of asset objects unloaded after import = 78
========================================================================
Received Import Request.
  Time since last request: 1.683219 seconds.
  path: Assets/Resources/prefabs/level/LV_13.prefab
  artifactKey: Guid(af30318aa6134323a513400ff6669ce6) Importer(815301076,1909f56bfc062723c751e8b465ee728b)
Number of updated assets reloaded before import = 0
Start importing Assets/Resources/prefabs/level/LV_13.prefab using Guid(af30318aa6134323a513400ff6669ce6) Importer(815301076,1909f56bfc062723c751e8b465ee728b)  -> (artifact id: 'd6bee11284f489d43844fad512a6e5af') in 0.024036 seconds 
Number of asset objects unloaded after import = 69
========================================================================
Received Import Request.
  Time since last request: 3.200743 seconds.
  path: Assets/Resources/prefabs/ui/UIBasicLevelList.prefab
  artifactKey: Guid(595bda075b614e349b81e3152cf2ebb0) Importer(815301076,1909f56bfc062723c751e8b465ee728b)
Number of updated assets reloaded before import = 0
Start importing Assets/Resources/prefabs/ui/UIBasicLevelList.prefab using Guid(595bda075b614e349b81e3152cf2ebb0) Importer(815301076,1909f56bfc062723c751e8b465ee728b)  -> (artifact id: '5001a44d77a10b67cae5d154fbc63402') in 0.020461 seconds 
Number of asset objects unloaded after import = 43
========================================================================
Received Import Request.
  Time since last request: 25.078409 seconds.
  path: Assets/Resources/prefabs/level/basic
  artifactKey: Guid(cd1c4be8bd4f74f67a7a4cf0e499b833) Importer(815301076,1909f56bfc062723c751e8b465ee728b)
Number of updated assets reloaded before import = 0
Start importing Assets/Resources/prefabs/level/basic using Guid(cd1c4be8bd4f74f67a7a4cf0e499b833) Importer(815301076,1909f56bfc062723c751e8b465ee728b)  -> (artifact id: 'f848fbf14476516670f688504d6c0131') in 0.007608 seconds 
Number of asset objects unloaded after import = 0
========================================================================
Received Import Request.
  Time since last request: 68.870690 seconds.
  path: Assets/Resources/prefabs/level/LV_4.prefab
  artifactKey: Guid(55926ba69ce643edaaf667640b9d9dc2) Importer(815301076,1909f56bfc062723c751e8b465ee728b)
Number of updated assets reloaded before import = 0
Start importing Assets/Resources/prefabs/level/LV_4.prefab using Guid(55926ba69ce643edaaf667640b9d9dc2) Importer(815301076,1909f56bfc062723c751e8b465ee728b)  -> (artifact id: '4c9214836bfa92b47dbf719456d88466') in 0.028221 seconds 
Number of asset objects unloaded after import = 86
========================================================================
Received Import Request.
  Time since last request: 5.455378 seconds.
  path: Assets/Resources/prefabs/level/LV_16.prefab
  artifactKey: Guid(2992a6172b5c4ab382ea173bba305bb6) Importer(815301076,1909f56bfc062723c751e8b465ee728b)
Number of updated assets reloaded before import = 0
Start importing Assets/Resources/prefabs/level/LV_16.prefab using Guid(2992a6172b5c4ab382ea173bba305bb6) Importer(815301076,1909f56bfc062723c751e8b465ee728b)  -> (artifact id: '0aedd32c40c34f11752326967d41e1d5') in 0.013639 seconds 
Number of asset objects unloaded after import = 61
========================================================================
Received Import Request.
  Time since last request: 0.629914 seconds.
  path: Assets/Resources/prefabs/level/LV_20.prefab
  artifactKey: Guid(3362930247c94e6a9dd79e959ec42f70) Importer(815301076,1909f56bfc062723c751e8b465ee728b)
Number of updated assets reloaded before import = 0
Start importing Assets/Resources/prefabs/level/LV_20.prefab using Guid(3362930247c94e6a9dd79e959ec42f70) Importer(815301076,1909f56bfc062723c751e8b465ee728b)  -> (artifact id: 'e7ad5457e3d1c6fe3e2b50468283e41a') in 0.028212 seconds 
Number of asset objects unloaded after import = 114
========================================================================
Received Import Request.
  Time since last request: 167.409239 seconds.
  path: Assets/Prefab/LevelListPanel.prefab
  artifactKey: Guid(2efb09c591784e77bcebb74d431488bd) Importer(815301076,1909f56bfc062723c751e8b465ee728b)
Number of updated assets reloaded before import = 0
Start importing Assets/Prefab/LevelListPanel.prefab using Guid(2efb09c591784e77bcebb74d431488bd) Importer(815301076,1909f56bfc062723c751e8b465ee728b)  -> (artifact id: '5b6bd5eb0c247d472470cddeee37dc20') in 0.004892 seconds 
Number of asset objects unloaded after import = 7
========================================================================
Received Import Request.
  Time since last request: 143.772126 seconds.
  path: Assets/Resources/prefabs/level/LV_1.prefab
  artifactKey: Guid(318b30b457bd481ebc9eecf62bed7ef6) Importer(815301076,1909f56bfc062723c751e8b465ee728b)
Number of updated assets reloaded before import = 0
Start importing Assets/Resources/prefabs/level/LV_1.prefab using Guid(318b30b457bd481ebc9eecf62bed7ef6) Importer(815301076,1909f56bfc062723c751e8b465ee728b)  -> (artifact id: '60f1e8a1f0d25912728963f4e64d5cff') in 0.025097 seconds 
Number of asset objects unloaded after import = 135
========================================================================
Received Import Request.
  Time since last request: 4.855729 seconds.
  path: Assets/Resources/prefabs/level/LV_1.prefab
  artifactKey: Guid(318b30b457bd481ebc9eecf62bed7ef6) Importer(815301076,1909f56bfc062723c751e8b465ee728b)
Number of updated assets reloaded before import = 0
Start importing Assets/Resources/prefabs/level/LV_1.prefab using Guid(318b30b457bd481ebc9eecf62bed7ef6) Importer(815301076,1909f56bfc062723c751e8b465ee728b)  -> (artifact id: '3c918f6dc286a253aa3e90043f052c68') in 0.027301 seconds 
Number of asset objects unloaded after import = 135
========================================================================
Received Import Request.
  Time since last request: 24.195214 seconds.
  path: Assets/Resources/prefabs/level/LV_6.prefab
  artifactKey: Guid(ce7badfe4d35483695a42b1bcd4bb1b9) Importer(815301076,1909f56bfc062723c751e8b465ee728b)
Number of updated assets reloaded before import = 0
Start importing Assets/Resources/prefabs/level/LV_6.prefab using Guid(ce7badfe4d35483695a42b1bcd4bb1b9) Importer(815301076,1909f56bfc062723c751e8b465ee728b)  -> (artifact id: '5290bbfffd4cedb13919525c431dddbd') in 0.015986 seconds 
Number of asset objects unloaded after import = 61
========================================================================
Received Import Request.
  Time since last request: 13.192348 seconds.
  path: Assets/Resources/prefabs/level/LV_12.prefab
  artifactKey: Guid(001b1b625d624323ace5d61412a16942) Importer(815301076,1909f56bfc062723c751e8b465ee728b)
Number of updated assets reloaded before import = 0
Start importing Assets/Resources/prefabs/level/LV_12.prefab using Guid(001b1b625d624323ace5d61412a16942) Importer(815301076,1909f56bfc062723c751e8b465ee728b)  -> (artifact id: 'add19fbcbaf2b26f9a56c5efa88b1678') in 0.025646 seconds 
Number of asset objects unloaded after import = 69
========================================================================
Received Import Request.
  Time since last request: 9.881525 seconds.
  path: Assets/Resources/prefabs/level/LV_12.prefab
  artifactKey: Guid(001b1b625d624323ace5d61412a16942) Importer(815301076,1909f56bfc062723c751e8b465ee728b)
Number of updated assets reloaded before import = 0
Start importing Assets/Resources/prefabs/level/LV_12.prefab using Guid(001b1b625d624323ace5d61412a16942) Importer(815301076,1909f56bfc062723c751e8b465ee728b)  -> (artifact id: 'f0f99cdf7abf61ac4904298637048fe9') in 0.014581 seconds 
Number of asset objects unloaded after import = 69
========================================================================
Received Import Request.
  Time since last request: 2.082902 seconds.
  path: Assets/Resources/prefabs/level/LV_14.prefab
  artifactKey: Guid(83c37afe6a914ec08131b0865e106a46) Importer(815301076,1909f56bfc062723c751e8b465ee728b)
Number of updated assets reloaded before import = 0
Start importing Assets/Resources/prefabs/level/LV_14.prefab using Guid(83c37afe6a914ec08131b0865e106a46) Importer(815301076,1909f56bfc062723c751e8b465ee728b)  -> (artifact id: 'ac88beb4396bd881344965364d2613ca') in 0.019069 seconds 
Number of asset objects unloaded after import = 88
========================================================================
Received Import Request.
  Time since last request: 0.731912 seconds.
  path: Assets/Resources/prefabs/level/LV_15.prefab
  artifactKey: Guid(72c010c8a1ac40f7996a8238ba3f28f7) Importer(815301076,1909f56bfc062723c751e8b465ee728b)
Number of updated assets reloaded before import = 0
Start importing Assets/Resources/prefabs/level/LV_15.prefab using Guid(72c010c8a1ac40f7996a8238ba3f28f7) Importer(815301076,1909f56bfc062723c751e8b465ee728b)  -> (artifact id: '7898a8e39eceb4d7d9ad438d3de31800') in 0.025519 seconds 
Number of asset objects unloaded after import = 79
========================================================================
Received Import Request.
  Time since last request: 17.226471 seconds.
  path: Assets/Resources/prefabs/level/LV_17.prefab
  artifactKey: Guid(7ca5d2b2d21a4f34bdede2171eba82cf) Importer(815301076,1909f56bfc062723c751e8b465ee728b)
Number of updated assets reloaded before import = 0
Start importing Assets/Resources/prefabs/level/LV_17.prefab using Guid(7ca5d2b2d21a4f34bdede2171eba82cf) Importer(815301076,1909f56bfc062723c751e8b465ee728b)  -> (artifact id: '45f83428a037a8978d058fc6809c8b3c') in 0.016361 seconds 
Number of asset objects unloaded after import = 58
========================================================================
Received Import Request.
  Time since last request: 0.596892 seconds.
  path: Assets/Resources/prefabs/level/LV_18.prefab
  artifactKey: Guid(09db49860d5944a688d51661b2150610) Importer(815301076,1909f56bfc062723c751e8b465ee728b)
Number of updated assets reloaded before import = 0
Start importing Assets/Resources/prefabs/level/LV_18.prefab using Guid(09db49860d5944a688d51661b2150610) Importer(815301076,1909f56bfc062723c751e8b465ee728b)  -> (artifact id: '08558e66b7007a7c85ea1de5d4c301dc') in 0.022947 seconds 
Number of asset objects unloaded after import = 61
========================================================================
Received Import Request.
  Time since last request: 0.424764 seconds.
  path: Assets/Resources/prefabs/level/LV_19.prefab
  artifactKey: Guid(21b29f42e3d04676a3b412a5af30a5ae) Importer(815301076,1909f56bfc062723c751e8b465ee728b)
Number of updated assets reloaded before import = 0
Start importing Assets/Resources/prefabs/level/LV_19.prefab using Guid(21b29f42e3d04676a3b412a5af30a5ae) Importer(815301076,1909f56bfc062723c751e8b465ee728b)  -> (artifact id: 'caad2b0516af625fc2c406ab25d3e0cd') in 0.017159 seconds 
Number of asset objects unloaded after import = 78
========================================================================
Received Import Request.
  Time since last request: 8.887174 seconds.
  path: Assets/Resources/prefabs/level/LV_21.prefab
  artifactKey: Guid(2457f1168e8e44ca95f7607ba92792d5) Importer(815301076,1909f56bfc062723c751e8b465ee728b)
Number of updated assets reloaded before import = 0
Start importing Assets/Resources/prefabs/level/LV_21.prefab using Guid(2457f1168e8e44ca95f7607ba92792d5) Importer(815301076,1909f56bfc062723c751e8b465ee728b)  -> (artifact id: '0a0dfe71a54489c51cca96811fd84fe1') in 0.019544 seconds 
Number of asset objects unloaded after import = 97
========================================================================
Received Import Request.
  Time since last request: 12.492643 seconds.
  path: Assets/Resources/prefabs/level/LV_21.prefab
  artifactKey: Guid(2457f1168e8e44ca95f7607ba92792d5) Importer(815301076,1909f56bfc062723c751e8b465ee728b)
Number of updated assets reloaded before import = 0
Start importing Assets/Resources/prefabs/level/LV_21.prefab using Guid(2457f1168e8e44ca95f7607ba92792d5) Importer(815301076,1909f56bfc062723c751e8b465ee728b)  -> (artifact id: 'c7ba288335700f02b0b955c4981cd1ef') in 0.031704 seconds 
Number of asset objects unloaded after import = 97
========================================================================
Received Import Request.
  Time since last request: 0.131258 seconds.
  path: Assets/Resources/prefabs/level/LV_22.prefab
  artifactKey: Guid(a136d1de3efa4e95b95966b06f59b6fd) Importer(815301076,1909f56bfc062723c751e8b465ee728b)
Number of updated assets reloaded before import = 0
Start importing Assets/Resources/prefabs/level/LV_22.prefab using Guid(a136d1de3efa4e95b95966b06f59b6fd) Importer(815301076,1909f56bfc062723c751e8b465ee728b)  -> (artifact id: '44b2571e4e9248c93ea52b9c6ba77a13') in 0.018939 seconds 
Number of asset objects unloaded after import = 85
========================================================================
Received Import Request.
  Time since last request: 1.262979 seconds.
  path: Assets/Resources/prefabs/level/LV_23.prefab
  artifactKey: Guid(03cbbcf673f24f46ab2a6fe4b4ace2a7) Importer(815301076,1909f56bfc062723c751e8b465ee728b)
Number of updated assets reloaded before import = 0
Start importing Assets/Resources/prefabs/level/LV_23.prefab using Guid(03cbbcf673f24f46ab2a6fe4b4ace2a7) Importer(815301076,1909f56bfc062723c751e8b465ee728b)  -> (artifact id: '0cee775c3a358cae34469c6c25dd96dd') in 0.026025 seconds 
Number of asset objects unloaded after import = 71
========================================================================
Received Import Request.
  Time since last request: 0.633577 seconds.
  path: Assets/Resources/prefabs/level/LV_24.prefab
  artifactKey: Guid(e3b862b46d4847068e664e06be94f446) Importer(815301076,1909f56bfc062723c751e8b465ee728b)
Number of updated assets reloaded before import = 0
Start importing Assets/Resources/prefabs/level/LV_24.prefab using Guid(e3b862b46d4847068e664e06be94f446) Importer(815301076,1909f56bfc062723c751e8b465ee728b)  -> (artifact id: '645967875312b56f5a16bcf7b33a1467') in 0.036682 seconds 
Number of asset objects unloaded after import = 93
========================================================================
Received Import Request.
  Time since last request: 0.369366 seconds.
  path: Assets/Resources/prefabs/level/LV_25.prefab
  artifactKey: Guid(5b231ade06ab4731a58ee34c3bfc54df) Importer(815301076,1909f56bfc062723c751e8b465ee728b)
Number of updated assets reloaded before import = 0
Start importing Assets/Resources/prefabs/level/LV_25.prefab using Guid(5b231ade06ab4731a58ee34c3bfc54df) Importer(815301076,1909f56bfc062723c751e8b465ee728b)  -> (artifact id: '5e5f1477f804042a9523a5caebb23cd2') in 0.028728 seconds 
Number of asset objects unloaded after import = 102
========================================================================
Received Import Request.
  Time since last request: 0.426157 seconds.
  path: Assets/Resources/prefabs/level/LV_26.prefab
  artifactKey: Guid(f79f966470ee4b24ba8cb9ddc8e7150b) Importer(815301076,1909f56bfc062723c751e8b465ee728b)
Number of updated assets reloaded before import = 0
Start importing Assets/Resources/prefabs/level/LV_26.prefab using Guid(f79f966470ee4b24ba8cb9ddc8e7150b) Importer(815301076,1909f56bfc062723c751e8b465ee728b)  -> (artifact id: '715ee3b8b006c48932aab88d95f36d69') in 0.013435 seconds 
Number of asset objects unloaded after import = 47
========================================================================
Received Import Request.
  Time since last request: 0.436167 seconds.
  path: Assets/Resources/prefabs/level/LV_27.prefab
  artifactKey: Guid(5c3c9dd41c7248aaaae462874bfdd70a) Importer(815301076,1909f56bfc062723c751e8b465ee728b)
Number of updated assets reloaded before import = 0
Start importing Assets/Resources/prefabs/level/LV_27.prefab using Guid(5c3c9dd41c7248aaaae462874bfdd70a) Importer(815301076,1909f56bfc062723c751e8b465ee728b)  -> (artifact id: 'dbae4051a9456c10f9047957ce074ddc') in 0.018823 seconds 
Number of asset objects unloaded after import = 45
========================================================================
Received Import Request.
  Time since last request: 0.407748 seconds.
  path: Assets/Resources/prefabs/level/LV_28.prefab
  artifactKey: Guid(48b1a3e5a95b4147bd5f785aa42a44e7) Importer(815301076,1909f56bfc062723c751e8b465ee728b)
Number of updated assets reloaded before import = 0
Start importing Assets/Resources/prefabs/level/LV_28.prefab using Guid(48b1a3e5a95b4147bd5f785aa42a44e7) Importer(815301076,1909f56bfc062723c751e8b465ee728b)  -> (artifact id: '891fe77f68bc534616345c295479d014') in 0.013229 seconds 
Number of asset objects unloaded after import = 41
========================================================================
Received Import Request.
  Time since last request: 0.408374 seconds.
  path: Assets/Resources/prefabs/level/LV_29.prefab
  artifactKey: Guid(34bd222cb5e843d9947c747b4020a5bd) Importer(815301076,1909f56bfc062723c751e8b465ee728b)
Number of updated assets reloaded before import = 0
Start importing Assets/Resources/prefabs/level/LV_29.prefab using Guid(34bd222cb5e843d9947c747b4020a5bd) Importer(815301076,1909f56bfc062723c751e8b465ee728b)  -> (artifact id: '65d89fa7c94b1e3d00524e80a3cf6757') in 0.028683 seconds 
Number of asset objects unloaded after import = 98
========================================================================
Received Import Request.
  Time since last request: 0.377121 seconds.
  path: Assets/Resources/prefabs/level/LV_30.prefab
  artifactKey: Guid(9e5e5e139b884617995dd86c9d6d6ae1) Importer(815301076,1909f56bfc062723c751e8b465ee728b)
Number of updated assets reloaded before import = 0
Start importing Assets/Resources/prefabs/level/LV_30.prefab using Guid(9e5e5e139b884617995dd86c9d6d6ae1) Importer(815301076,1909f56bfc062723c751e8b465ee728b)  -> (artifact id: '03fed0509a57d68616c135d904523fff') in 0.014631 seconds 
Number of asset objects unloaded after import = 64
========================================================================
Received Import Request.
  Time since last request: 0.438785 seconds.
  path: Assets/Resources/prefabs/level/LV_31.prefab
  artifactKey: Guid(ca58a8eccb044200b463289c19775af6) Importer(815301076,1909f56bfc062723c751e8b465ee728b)
Number of updated assets reloaded before import = 0
Start importing Assets/Resources/prefabs/level/LV_31.prefab using Guid(ca58a8eccb044200b463289c19775af6) Importer(815301076,1909f56bfc062723c751e8b465ee728b)  -> (artifact id: 'b5a8321b95206519050d0d47f032094c') in 0.012324 seconds 
Number of asset objects unloaded after import = 53
========================================================================
Received Import Request.
  Time since last request: 0.376584 seconds.
  path: Assets/Resources/prefabs/level/LV_32.prefab
  artifactKey: Guid(4f586c27c0124f8c8d5d6e101b347524) Importer(815301076,1909f56bfc062723c751e8b465ee728b)
Number of updated assets reloaded before import = 0
Start importing Assets/Resources/prefabs/level/LV_32.prefab using Guid(4f586c27c0124f8c8d5d6e101b347524) Importer(815301076,1909f56bfc062723c751e8b465ee728b)  -> (artifact id: 'e11c93d956ca5ea7d84e5a9a04b96830') in 0.017271 seconds 
Number of asset objects unloaded after import = 51
========================================================================
Received Import Request.
  Time since last request: 0.357087 seconds.
  path: Assets/Resources/prefabs/level/LV_33.prefab
  artifactKey: Guid(a2d9780885a94c8eb81e1e1d4230d2d7) Importer(815301076,1909f56bfc062723c751e8b465ee728b)
Number of updated assets reloaded before import = 0
Start importing Assets/Resources/prefabs/level/LV_33.prefab using Guid(a2d9780885a94c8eb81e1e1d4230d2d7) Importer(815301076,1909f56bfc062723c751e8b465ee728b)  -> (artifact id: 'e1e859b7a8b56c63915f847891cef6ee') in 0.171434 seconds 
Number of asset objects unloaded after import = 81
========================================================================
Received Import Request.
  Time since last request: 0.224615 seconds.
  path: Assets/Resources/prefabs/level/LV_34.prefab
  artifactKey: Guid(85e16375b5a04ad48d1d5c307666f2c7) Importer(815301076,1909f56bfc062723c751e8b465ee728b)
Number of updated assets reloaded before import = 0
Start importing Assets/Resources/prefabs/level/LV_34.prefab using Guid(85e16375b5a04ad48d1d5c307666f2c7) Importer(815301076,1909f56bfc062723c751e8b465ee728b)  -> (artifact id: '9b8492fc9152b02fedb9b63779371569') in 0.017221 seconds 
Number of asset objects unloaded after import = 53
========================================================================
Received Import Request.
  Time since last request: 1.738320 seconds.
  path: Assets/Resources/prefabs/level/LV_35.prefab
  artifactKey: Guid(8917851f9de24636a1a51fb448c24f6e) Importer(815301076,1909f56bfc062723c751e8b465ee728b)
Number of updated assets reloaded before import = 0
Start importing Assets/Resources/prefabs/level/LV_35.prefab using Guid(8917851f9de24636a1a51fb448c24f6e) Importer(815301076,1909f56bfc062723c751e8b465ee728b)  -> (artifact id: 'a4d902393b29eada013c7e2135fda0fa') in 0.026542 seconds 
Number of asset objects unloaded after import = 81
========================================================================
Received Import Request.
  Time since last request: 0.335153 seconds.
  path: Assets/Resources/prefabs/level/LV_36.prefab
  artifactKey: Guid(51f02a6c9b094199a832e0f4deb76cfb) Importer(815301076,1909f56bfc062723c751e8b465ee728b)
Number of updated assets reloaded before import = 0
Start importing Assets/Resources/prefabs/level/LV_36.prefab using Guid(51f02a6c9b094199a832e0f4deb76cfb) Importer(815301076,1909f56bfc062723c751e8b465ee728b)  -> (artifact id: '9ec900749ccb49feab1896ac11972cd2') in 0.020987 seconds 
Number of asset objects unloaded after import = 74
========================================================================
Received Import Request.
  Time since last request: 0.364216 seconds.
  path: Assets/Resources/prefabs/level/LV_37.prefab
  artifactKey: Guid(2730233350184c6fb33cb779da0d295d) Importer(815301076,1909f56bfc062723c751e8b465ee728b)
Number of updated assets reloaded before import = 0
Start importing Assets/Resources/prefabs/level/LV_37.prefab using Guid(2730233350184c6fb33cb779da0d295d) Importer(815301076,1909f56bfc062723c751e8b465ee728b)  -> (artifact id: '79460bcd8165fb8ded69e5f2c45581a9') in 0.020605 seconds 
Number of asset objects unloaded after import = 49
========================================================================
Received Import Request.
  Time since last request: 0.464267 seconds.
  path: Assets/Resources/prefabs/level/LV_38.prefab
  artifactKey: Guid(61f4d2f93e234b709b5951f077e5f5b7) Importer(815301076,1909f56bfc062723c751e8b465ee728b)
Number of updated assets reloaded before import = 0
Start importing Assets/Resources/prefabs/level/LV_38.prefab using Guid(61f4d2f93e234b709b5951f077e5f5b7) Importer(815301076,1909f56bfc062723c751e8b465ee728b)  -> (artifact id: 'b1cecf8c5354c4dd7fb3b85db2e137ec') in 0.020241 seconds 
Number of asset objects unloaded after import = 62
========================================================================
Received Import Request.
  Time since last request: 0.390017 seconds.
  path: Assets/Resources/prefabs/level/LV_39.prefab
  artifactKey: Guid(8d0fbf75bf25475cb01108c37f6e18a6) Importer(815301076,1909f56bfc062723c751e8b465ee728b)
Number of updated assets reloaded before import = 0
Start importing Assets/Resources/prefabs/level/LV_39.prefab using Guid(8d0fbf75bf25475cb01108c37f6e18a6) Importer(815301076,1909f56bfc062723c751e8b465ee728b)  -> (artifact id: '0ae70752b954d7b79807c508fbc5be92') in 0.015808 seconds 
Number of asset objects unloaded after import = 57
========================================================================
Received Import Request.
  Time since last request: 0.440240 seconds.
  path: Assets/Resources/prefabs/level/LV_40.prefab
  artifactKey: Guid(1659d02533ab467c9a12ab5ed1ad2e27) Importer(815301076,1909f56bfc062723c751e8b465ee728b)
Number of updated assets reloaded before import = 0
Start importing Assets/Resources/prefabs/level/LV_40.prefab using Guid(1659d02533ab467c9a12ab5ed1ad2e27) Importer(815301076,1909f56bfc062723c751e8b465ee728b)  -> (artifact id: 'b272281b6293399f7a40d4b01ab59358') in 0.016570 seconds 
Number of asset objects unloaded after import = 66
========================================================================
Received Import Request.
  Time since last request: 0.354409 seconds.
  path: Assets/Resources/prefabs/level/LV_41.prefab
  artifactKey: Guid(4514bba76d714819bc396bd6db032e96) Importer(815301076,1909f56bfc062723c751e8b465ee728b)
Number of updated assets reloaded before import = 0
Start importing Assets/Resources/prefabs/level/LV_41.prefab using Guid(4514bba76d714819bc396bd6db032e96) Importer(815301076,1909f56bfc062723c751e8b465ee728b)  -> (artifact id: '75010819cdfcece34031bc5b492346e1') in 0.016802 seconds 
Number of asset objects unloaded after import = 76
========================================================================
Received Import Request.
  Time since last request: 1.249731 seconds.
  path: Assets/Resources/prefabs/level/LV_42.prefab
  artifactKey: Guid(238fdf73353645ffa04ae8b20e8274e7) Importer(815301076,1909f56bfc062723c751e8b465ee728b)
Number of updated assets reloaded before import = 0
Start importing Assets/Resources/prefabs/level/LV_42.prefab using Guid(238fdf73353645ffa04ae8b20e8274e7) Importer(815301076,1909f56bfc062723c751e8b465ee728b)  -> (artifact id: '449a9011eb7f541a3e23b609759d03cc') in 0.023607 seconds 
Number of asset objects unloaded after import = 56
========================================================================
Received Import Request.
  Time since last request: 0.427151 seconds.
  path: Assets/Resources/prefabs/level/LV_44.prefab
  artifactKey: Guid(c14a49278fb640be900e7b312a969fc5) Importer(815301076,1909f56bfc062723c751e8b465ee728b)
Number of updated assets reloaded before import = 0
Start importing Assets/Resources/prefabs/level/LV_44.prefab using Guid(c14a49278fb640be900e7b312a969fc5) Importer(815301076,1909f56bfc062723c751e8b465ee728b)  -> (artifact id: 'bf79cc6ecc401d1488b554ba8207d074') in 0.016548 seconds 
Number of asset objects unloaded after import = 64
========================================================================
Received Import Request.
  Time since last request: 0.837796 seconds.
  path: Assets/Resources/prefabs/level/LV_45.prefab
  artifactKey: Guid(e46e1bd5b3bd4f5db33fe6c3c24f7409) Importer(815301076,1909f56bfc062723c751e8b465ee728b)
Number of updated assets reloaded before import = 0
Start importing Assets/Resources/prefabs/level/LV_45.prefab using Guid(e46e1bd5b3bd4f5db33fe6c3c24f7409) Importer(815301076,1909f56bfc062723c751e8b465ee728b)  -> (artifact id: '702c166c60fc7b6777ea539a58580aaf') in 0.020289 seconds 
Number of asset objects unloaded after import = 82
========================================================================
Received Import Request.
  Time since last request: 0.372067 seconds.
  path: Assets/Resources/prefabs/level/LV_46.prefab
  artifactKey: Guid(08deb8b97cee42568c3578e518214daf) Importer(815301076,1909f56bfc062723c751e8b465ee728b)
Number of updated assets reloaded before import = 0
Start importing Assets/Resources/prefabs/level/LV_46.prefab using Guid(08deb8b97cee42568c3578e518214daf) Importer(815301076,1909f56bfc062723c751e8b465ee728b)  -> (artifact id: '5ec8305ecec05e5dc5c00c2d9e5ad3dd') in 0.020305 seconds 
Number of asset objects unloaded after import = 71
========================================================================
Received Import Request.
  Time since last request: 0.480913 seconds.
  path: Assets/Resources/prefabs/level/LV_47.prefab
  artifactKey: Guid(53f455dabcbd4483b5cca36bbb8e34bd) Importer(815301076,1909f56bfc062723c751e8b465ee728b)
Number of updated assets reloaded before import = 0
Start importing Assets/Resources/prefabs/level/LV_47.prefab using Guid(53f455dabcbd4483b5cca36bbb8e34bd) Importer(815301076,1909f56bfc062723c751e8b465ee728b)  -> (artifact id: '6580b3ed39f45cbc77acc97f646f119a') in 0.025417 seconds 
Number of asset objects unloaded after import = 61
========================================================================
Received Import Request.
  Time since last request: 0.455756 seconds.
  path: Assets/Resources/prefabs/level/LV_48.prefab
  artifactKey: Guid(04b3ccade1f1471fbd63cf7e0d1706b1) Importer(815301076,1909f56bfc062723c751e8b465ee728b)
Number of updated assets reloaded before import = 0
Start importing Assets/Resources/prefabs/level/LV_48.prefab using Guid(04b3ccade1f1471fbd63cf7e0d1706b1) Importer(815301076,1909f56bfc062723c751e8b465ee728b)  -> (artifact id: '75c26c4339a9c5655431e8e1845fc7b9') in 0.027565 seconds 
Number of asset objects unloaded after import = 67
========================================================================
Received Import Request.
  Time since last request: 0.510129 seconds.
  path: Assets/Resources/prefabs/level/LV_49.prefab
  artifactKey: Guid(38d0143c8297473a9f02ae9f69ad0393) Importer(815301076,1909f56bfc062723c751e8b465ee728b)
Number of updated assets reloaded before import = 0
Start importing Assets/Resources/prefabs/level/LV_49.prefab using Guid(38d0143c8297473a9f02ae9f69ad0393) Importer(815301076,1909f56bfc062723c751e8b465ee728b)  -> (artifact id: 'e4b061d71c08fb327a50b676ceda9fd4') in 0.016576 seconds 
Number of asset objects unloaded after import = 85
========================================================================
Received Import Request.
  Time since last request: 0.418371 seconds.
  path: Assets/Resources/prefabs/level/LV_50.prefab
  artifactKey: Guid(29e57ed0932c40b89c0c087e30db1039) Importer(815301076,1909f56bfc062723c751e8b465ee728b)
Number of updated assets reloaded before import = 0
Start importing Assets/Resources/prefabs/level/LV_50.prefab using Guid(29e57ed0932c40b89c0c087e30db1039) Importer(815301076,1909f56bfc062723c751e8b465ee728b)  -> (artifact id: '72911aeeb6bc934d7bd0b93efd1a7804') in 0.021399 seconds 
Number of asset objects unloaded after import = 79
========================================================================
Received Import Request.
  Time since last request: 2.795136 seconds.
  path: Assets/Resources/prefabs/level/basic/LV_51.prefab
  artifactKey: Guid(54895cd440354fd2bf34c5cb02c80b68) Importer(815301076,1909f56bfc062723c751e8b465ee728b)
Number of updated assets reloaded before import = 0
Start importing Assets/Resources/prefabs/level/basic/LV_51.prefab using Guid(54895cd440354fd2bf34c5cb02c80b68) Importer(815301076,1909f56bfc062723c751e8b465ee728b)  -> (artifact id: 'ee1fa95310e9693e7803f02449410819') in 0.013484 seconds 
Number of asset objects unloaded after import = 62
========================================================================
Received Import Request.
  Time since last request: 1.148222 seconds.
  path: Assets/Resources/prefabs/level/basic/LV_52.prefab
  artifactKey: Guid(105133260f7f4dcbbddfb9289c4db2f4) Importer(815301076,1909f56bfc062723c751e8b465ee728b)
Number of updated assets reloaded before import = 0
Start importing Assets/Resources/prefabs/level/basic/LV_52.prefab using Guid(105133260f7f4dcbbddfb9289c4db2f4) Importer(815301076,1909f56bfc062723c751e8b465ee728b)  -> (artifact id: 'b77a8719b69fec9c07b5f610bed87a63') in 0.020239 seconds 
Number of asset objects unloaded after import = 96
========================================================================
Received Import Request.
  Time since last request: 0.613889 seconds.
  path: Assets/Resources/prefabs/level/basic/LV_54.prefab
  artifactKey: Guid(422c3f154518499085ae10b3b4cf2347) Importer(815301076,1909f56bfc062723c751e8b465ee728b)
Number of updated assets reloaded before import = 0
Start importing Assets/Resources/prefabs/level/basic/LV_54.prefab using Guid(422c3f154518499085ae10b3b4cf2347) Importer(815301076,1909f56bfc062723c751e8b465ee728b)  -> (artifact id: 'a52a0719426d58f1ece82e6bd3a80a14') in 0.026543 seconds 
Number of asset objects unloaded after import = 169
========================================================================
Received Import Request.
  Time since last request: 0.946079 seconds.
  path: Assets/Resources/prefabs/level/basic/LV_55.prefab
  artifactKey: Guid(7e20f3d49db2449485672d9a76b06d66) Importer(815301076,1909f56bfc062723c751e8b465ee728b)
Number of updated assets reloaded before import = 0
Start importing Assets/Resources/prefabs/level/basic/LV_55.prefab using Guid(7e20f3d49db2449485672d9a76b06d66) Importer(815301076,1909f56bfc062723c751e8b465ee728b)  -> (artifact id: '4d0d081ef6026fa66ad4cc49e8250a91') in 0.014800 seconds 
Number of asset objects unloaded after import = 53
========================================================================
Received Import Request.
  Time since last request: 1.330380 seconds.
  path: Assets/Resources/prefabs/level/basic/LV_53.prefab
  artifactKey: Guid(bd62a549d55c4f10a38cc489914011a2) Importer(815301076,1909f56bfc062723c751e8b465ee728b)
Number of updated assets reloaded before import = 0
Start importing Assets/Resources/prefabs/level/basic/LV_53.prefab using Guid(bd62a549d55c4f10a38cc489914011a2) Importer(815301076,1909f56bfc062723c751e8b465ee728b)  -> (artifact id: 'e5c3b2f85e55fcdd562366a728f2c844') in 0.013594 seconds 
Number of asset objects unloaded after import = 46
========================================================================
Received Import Request.
  Time since last request: 8.757769 seconds.
  path: Assets/Resources/prefabs/level/basic/LV_56.prefab
  artifactKey: Guid(7e9ea88f8029441799c91cc85665d9a5) Importer(815301076,1909f56bfc062723c751e8b465ee728b)
Number of updated assets reloaded before import = 0
Start importing Assets/Resources/prefabs/level/basic/LV_56.prefab using Guid(7e9ea88f8029441799c91cc85665d9a5) Importer(815301076,1909f56bfc062723c751e8b465ee728b)  -> (artifact id: 'e66cf3b2b0110940080d42063d640ab6') in 0.024601 seconds 
Number of asset objects unloaded after import = 49
========================================================================
Received Import Request.
  Time since last request: 0.278426 seconds.
  path: Assets/Resources/prefabs/level/basic/LV_58.prefab
  artifactKey: Guid(df11a99cc7264c0c9a6327a72521b76e) Importer(815301076,1909f56bfc062723c751e8b465ee728b)
Number of updated assets reloaded before import = 0
Start importing Assets/Resources/prefabs/level/basic/LV_58.prefab using Guid(df11a99cc7264c0c9a6327a72521b76e) Importer(815301076,1909f56bfc062723c751e8b465ee728b)  -> (artifact id: 'a68b98cfb066655b620313d56c26d423') in 0.013152 seconds 
Number of asset objects unloaded after import = 49
========================================================================
Received Import Request.
  Time since last request: 0.339909 seconds.
  path: Assets/Resources/prefabs/level/basic/LV_64.prefab
  artifactKey: Guid(fddcddd8bd994b35a04288fb5e805b56) Importer(815301076,1909f56bfc062723c751e8b465ee728b)
Number of updated assets reloaded before import = 0
Start importing Assets/Resources/prefabs/level/basic/LV_64.prefab using Guid(fddcddd8bd994b35a04288fb5e805b56) Importer(815301076,1909f56bfc062723c751e8b465ee728b)  -> (artifact id: '5e6857d168b4f345c7d82c93f9210d8c') in 0.013896 seconds 
Number of asset objects unloaded after import = 64
========================================================================
Received Import Request.
  Time since last request: 0.328979 seconds.
  path: Assets/Resources/prefabs/level/basic/LV_66.prefab
  artifactKey: Guid(f88e3182bb2c48069d00688438ffcf56) Importer(815301076,1909f56bfc062723c751e8b465ee728b)
Number of updated assets reloaded before import = 0
Start importing Assets/Resources/prefabs/level/basic/LV_66.prefab using Guid(f88e3182bb2c48069d00688438ffcf56) Importer(815301076,1909f56bfc062723c751e8b465ee728b)  -> (artifact id: '375aca87c05d5fbc7a3fed66bea12339') in 0.013279 seconds 
Number of asset objects unloaded after import = 51
========================================================================
Received Import Request.
  Time since last request: 0.342305 seconds.
  path: Assets/Resources/prefabs/level/basic/LV_70.prefab
  artifactKey: Guid(4de0564294dc47eb8955b54550fb0355) Importer(815301076,1909f56bfc062723c751e8b465ee728b)
Number of updated assets reloaded before import = 0
Start importing Assets/Resources/prefabs/level/basic/LV_70.prefab using Guid(4de0564294dc47eb8955b54550fb0355) Importer(815301076,1909f56bfc062723c751e8b465ee728b)  -> (artifact id: '31c74c17bfba27d8eee13660be17f253') in 0.017025 seconds 
Number of asset objects unloaded after import = 70
========================================================================
Received Import Request.
  Time since last request: 0.327916 seconds.
  path: Assets/Resources/prefabs/level/basic/LV_73.prefab
  artifactKey: Guid(c0848e23f86c4e1a98f7ff07e77a7e2e) Importer(815301076,1909f56bfc062723c751e8b465ee728b)
Number of updated assets reloaded before import = 0
Start importing Assets/Resources/prefabs/level/basic/LV_73.prefab using Guid(c0848e23f86c4e1a98f7ff07e77a7e2e) Importer(815301076,1909f56bfc062723c751e8b465ee728b)  -> (artifact id: '29bc4504bbe865320a7e368e10d80c2e') in 0.014286 seconds 
Number of asset objects unloaded after import = 57
========================================================================
Received Import Request.
  Time since last request: 16.519032 seconds.
  path: Assets/Scenes/Main.unity
  artifactKey: Guid(afdbd8f49e6b8d44fbe2e92f9c18d28e) Importer(815301076,1909f56bfc062723c751e8b465ee728b)
Number of updated assets reloaded before import = 0
Start importing Assets/Scenes/Main.unity using Guid(afdbd8f49e6b8d44fbe2e92f9c18d28e) Importer(815301076,1909f56bfc062723c751e8b465ee728b)  -> (artifact id: '1d64dac9e8a92d98aa5c14c481a38437') in 0.002023 seconds 
Number of asset objects unloaded after import = 0
========================================================================
Received Prepare
Registering precompiled user dll's ...
Registered in 0.016540 seconds.
Begin MonoManager ReloadAssembly
Native extension for WindowsStandalone target not found
Native extension for WebGL target not found
Refreshing native plugins compatible for Editor in 1.21 ms, found 5 plugins.
Preloading 0 native plugins for Editor in 0.00 ms.
[Package Manager] Server::EnsureServerProcessIsRunning -- launch failed, reason: Unity was launched with the -noUpm command-line argument
[Package Manager] Cannot connect to Unity Package Manager local server
Mono: successfully reloaded assembly
- Completed reload, in  1.818 seconds
Domain Reload Profiling:
	ReloadAssembly (1819ms)
		BeginReloadAssembly (213ms)
			ExecutionOrderSort (0ms)
			DisableScriptedObjects (8ms)
			BackupInstance (0ms)
			ReleaseScriptingObjects (0ms)
			CreateAndSetChildDomain (56ms)
		EndReloadAssembly (1447ms)
			LoadAssemblies (140ms)
			RebuildTransferFunctionScriptingTraits (0ms)
			SetupTypeCache (336ms)
			ReleaseScriptCaches (2ms)
			RebuildScriptCaches (57ms)
			SetupLoadedEditorAssemblies (879ms)
				LogAssemblyErrors (0ms)
				InitializePlatformSupportModulesInManaged (9ms)
				SetLoadedEditorAssemblies (1ms)
				RefreshPlugins (1ms)
				BeforeProcessingInitializeOnLoad (73ms)
				ProcessInitializeOnLoadAttributes (719ms)
				ProcessInitializeOnLoadMethodAttributes (61ms)
				AfterProcessingInitializeOnLoad (15ms)
				EditorAssembliesLoaded (0ms)
			ExecutionOrderSort2 (0ms)
			AwakeInstancesAfterBackupRestoration (8ms)
Platform modules already initialized, skipping
Refreshing native plugins compatible for Editor in 1.29 ms, found 5 plugins.
Preloading 0 native plugins for Editor in 0.00 ms.
Unloading 3189 Unused Serialized files (Serialized files now loaded: 0)
Unloading 42 unused Assets / (22.0 KB). Loaded Objects now: 3724.
Memory consumption went from 122.7 MB to 122.7 MB.
Total: 3.874600 ms (FindLiveObjects: 0.362400 ms CreateObjectMapping: 0.200700 ms MarkObjects: 3.284000 ms  DeleteObjects: 0.026200 ms)

AssetImportParameters requested are different than current active one (requested -> active):
  custom:video-decoder-ogg-theora: a1e56fd34408186e4bbccfd4996cb3dc -> 
  custom:container-muxer-webm: aa71ff27fc2769a1b78a27578f13a17b -> 
  custom:container-demuxer-webm: 4f35f7cbe854078d1ac9338744f61a02 -> 
  custom:video-encoder-webm-vp8: eb34c28f22e8b96e1ab97ce403110664 -> 
  custom:CustomObjectIndexerAttribute: bc11b3a6c3213fcdd17b65e7da85e133 -> 
  custom:audio-encoder-webm-vorbis: bf7c407c2cedff20999df2af8eb42d56 -> 
  custom:framework-win-MediaFoundation: 216162199b28c13a410421893ffa2e32 -> 
  custom:SearchIndexIgnoredProperties: e643bd26f0fe6173181afceb89e7c659 -> 
  custom:container-demuxer-ogg: 62fdf1f143b41e24485cea50d1cbac27 -> 
  custom:video-decoder-webm-vp8: 9c59270c3fd7afecdb556c50c9e8de78 -> 
  custom:audio-decoder-ogg-vorbis: bf7c407c2cedff20999df2af8eb42d56 -> 
